<?xml version="1.0" encoding="UTF-8"?>
<testng-results skipped="0" failed="0" ignored="0" total="1" passed="1">
  <reporter-output>
  </reporter-output>
  <suite name="Default suite" duration-ms="43878" started-at="2018-12-29T22:27:39Z" finished-at="2018-12-29T22:28:23Z">
    <groups>
    </groups>
    <test name="Default test" duration-ms="43878" started-at="2018-12-29T22:27:39Z" finished-at="2018-12-29T22:28:23Z">
      <class name="MyTest.My_NewTest">
        <test-method status="PASS" signature="beforeTest()[pri:0, instance:MyTest.My_NewTest@3c0f93f1]" name="beforeTest" is-config="true" duration-ms="33628" started-at="2018-12-29T22:27:39Z" finished-at="2018-12-29T22:28:13Z">
          <reporter-output>
          </reporter-output>
        </test-method> <!-- beforeTest -->
        <test-method status="PASS" signature="googletest()[pri:0, instance:MyTest.My_NewTest@3c0f93f1]" name="googletest" duration-ms="9439" started-at="2018-12-29T22:28:13Z" finished-at="2018-12-29T22:28:22Z">
          <reporter-output>
          </reporter-output>
        </test-method> <!-- googletest -->
        <test-method status="PASS" signature="afterTest()[pri:0, instance:MyTest.My_NewTest@3c0f93f1]" name="afterTest" is-config="true" duration-ms="774" started-at="2018-12-29T22:28:22Z" finished-at="2018-12-29T22:28:23Z">
          <reporter-output>
          </reporter-output>
        </test-method> <!-- afterTest -->
      </class> <!-- MyTest.My_NewTest -->
    </test> <!-- Default test -->
  </suite> <!-- Default suite -->
</testng-results>
